<?xml version="1.0" encoding="UTF-8"?>
<!-- Generated by org.testng.reporters.JUnitReportReporter -->
<testsuite hostname="Garimas-MacBook-Air.local" failures="0" tests="2" name="CucumberOptions.TestNGTestRunner" time="7.747" errors="0" timestamp="2024-06-18T00:21:13 IST" skipped="0">
  <testcase classname="CucumberOptions.TestNGTestRunner" name="runScenario" time="3.898"/>
  <testcase classname="CucumberOptions.TestNGTestRunner" name="runScenario" time="3.849"/>
</testsuite> <!-- CucumberOptions.TestNGTestRunner -->
